Arguments: 
  /Users/mxm412/.nvm/versions/node/v8.1.3/bin/node /usr/local/bin/yarn

PATH: 
  /Users/mxm412/.nvm/versions/node/v8.1.3/bin:/usr/local/bin:/usr/bin:/bin:/usr/sbin:/sbin:/opt/X11/bin:/Library/TeX/texbin:/Users/mxm412/Applications/grails-3.2.4//bin:/Users/mxm412/.meteor

Yarn version: 
  0.27.5

Node version: 
  8.1.3

Platform: 
  darwin x64

npm manifest: 
  {
    "name": "meteortest",
    "private": true,
    "scripts": {
      "start": "meteor run"
    },
    "dependencies": {
      "axios": "^0.16.2",
      "babel-runtime": "^6.20.0",
      "meteor-node-stubs": "~0.2.4",
      "react": "^15.6.1",
      "react-dom": "^15.6.1
    }
  }

yarn manifest: 
  No manifest

Lockfile: 
  No lockfile

Trace: 
  SyntaxError: /Users/mxm412/code/meteortest/package.json: Unexpected token 
   in JSON at position 251
      at JSON.parse (<anonymous>)
      at /usr/local/Cellar/yarn/0.27.5/libexec/lib/yarn-cli.js:747:57
      at Generator.next (<anonymous>)
      at step (/usr/local/Cellar/yarn/0.27.5/libexec/lib/yarn-cli.js:91:30)
      at /usr/local/Cellar/yarn/0.27.5/libexec/lib/yarn-cli.js:102:13
      at <anonymous>
